<?xml version="1.0" encoding="UTF-8"?>
<!-- Generated by org.testng.reporters.JUnitXMLReporter -->
<testsuite hostname="laptop-2218" ignored="0" name="Default test" tests="3" failures="0" timestamp="2019-10-29T09:16:37 CDT" time="63.217" errors="0">
  <testcase name="@BeforeTest browserload" time="62.306" classname="AdministrationTC.Admin_Flow">
    <failure type="org.openqa.selenium.WebDriverException" message="unknown error: unable to discover open pages
Build info: version: &amp;apos;3.141.59&amp;apos;, revision: &amp;apos;e82be7d358&amp;apos;, time: &amp;apos;2018-11-14T08:17:03&amp;apos;
System info: host: &amp;apos;LAPTOP-2218&amp;apos;, ip: &amp;apos;172.20.6.72&amp;apos;, os.name: &amp;apos;Windows 10&amp;apos;, os.arch: &amp;apos;amd64&amp;apos;, os.version: &amp;apos;10.0&amp;apos;, java.version: &amp;apos;1.8.0_151&amp;apos;
Driver info: driver.version: ChromeDriver
remote stacktrace: Backtrace:
	Ordinal0 [0x00D6AA43+1550915]
	Ordinal0 [0x00CEA901+1026305]
	Ordinal0 [0x00C6C915+510229]
	Ordinal0 [0x00BFFBC4+64452]
	Ordinal0 [0x00BFC594+50580]
	Ordinal0 [0x00C1ACE7+175335]
	Ordinal0 [0x00C1A8ED+174317]
	Ordinal0 [0x00C18CDB+167131]
	Ordinal0 [0x00C0144A+70730]
	Ordinal0 [0x00C024D0+74960]
	Ordinal0 [0x00C02469+74857]
	Ordinal0 [0x00D044C7+1131719]
	GetHandleVerifier [0x00E0722D+523773]
	GetHandleVerifier [0x00E06FC0+523152]
	GetHandleVerifier [0x00E0E317+552679]
	GetHandleVerifier [0x00E07A2A+525818]
	Ordinal0 [0x00CFB9FC+1096188]
	Ordinal0 [0x00D0653B+1140027]
	Ordinal0 [0x00D066A3+1140387]
	Ordinal0 [0x00D05625+1136165]
	BaseThreadInitThunk [0x75F38744+36]
	RtlGetAppContainerNamedObjectPath [0x776F58ED+253]
	RtlGetAppContainerNamedObjectPath [0x776F58BD+205]
">
      <![CDATA[org.openqa.selenium.WebDriverException: unknown error: unable to discover open pages
Build info: version: '3.141.59', revision: 'e82be7d358', time: '2018-11-14T08:17:03'
System info: host: 'LAPTOP-2218', ip: '172.20.6.72', os.name: 'Windows 10', os.arch: 'amd64', os.version: '10.0', java.version: '1.8.0_151'
Driver info: driver.version: ChromeDriver
remote stacktrace: Backtrace:
Ordinal0 [0x00D6AA43+1550915]
Ordinal0 [0x00CEA901+1026305]
Ordinal0 [0x00C6C915+510229]
Ordinal0 [0x00BFFBC4+64452]
Ordinal0 [0x00BFC594+50580]
Ordinal0 [0x00C1ACE7+175335]
Ordinal0 [0x00C1A8ED+174317]
Ordinal0 [0x00C18CDB+167131]
Ordinal0 [0x00C0144A+70730]
Ordinal0 [0x00C024D0+74960]
Ordinal0 [0x00C02469+74857]
Ordinal0 [0x00D044C7+1131719]
GetHandleVerifier [0x00E0722D+523773]
GetHandleVerifier [0x00E06FC0+523152]
GetHandleVerifier [0x00E0E317+552679]
GetHandleVerifier [0x00E07A2A+525818]
Ordinal0 [0x00CFB9FC+1096188]
Ordinal0 [0x00D0653B+1140027]
Ordinal0 [0x00D066A3+1140387]
Ordinal0 [0x00D05625+1136165]
BaseThreadInitThunk [0x75F38744+36]
RtlGetAppContainerNamedObjectPath [0x776F58ED+253]
RtlGetAppContainerNamedObjectPath [0x776F58BD+205]

at sun.reflect.NativeConstructorAccessorImpl.newInstance0(Native Method)
at sun.reflect.NativeConstructorAccessorImpl.newInstance(Unknown Source)
at sun.reflect.DelegatingConstructorAccessorImpl.newInstance(Unknown Source)
at java.lang.reflect.Constructor.newInstance(Unknown Source)
at org.openqa.selenium.remote.W3CHandshakeResponse.lambda$errorHandler$0(W3CHandshakeResponse.java:62)
at org.openqa.selenium.remote.HandshakeResponse.lambda$getResponseFunction$0(HandshakeResponse.java:30)
at org.openqa.selenium.remote.ProtocolHandshake.lambda$createSession$0(ProtocolHandshake.java:126)
at java.util.stream.ReferencePipeline$3$1.accept(Unknown Source)
at java.util.Spliterators$ArraySpliterator.tryAdvance(Unknown Source)
at java.util.stream.ReferencePipeline.forEachWithCancel(Unknown Source)
at java.util.stream.AbstractPipeline.copyIntoWithCancel(Unknown Source)
at java.util.stream.AbstractPipeline.copyInto(Unknown Source)
at java.util.stream.AbstractPipeline.wrapAndCopyInto(Unknown Source)
at java.util.stream.FindOps$FindOp.evaluateSequential(Unknown Source)
at java.util.stream.AbstractPipeline.evaluate(Unknown Source)
at java.util.stream.ReferencePipeline.findFirst(Unknown Source)
at org.openqa.selenium.remote.ProtocolHandshake.createSession(ProtocolHandshake.java:128)
at org.openqa.selenium.remote.ProtocolHandshake.createSession(ProtocolHandshake.java:74)
at org.openqa.selenium.remote.HttpCommandExecutor.execute(HttpCommandExecutor.java:136)
at org.openqa.selenium.remote.service.DriverCommandExecutor.execute(DriverCommandExecutor.java:83)
at org.openqa.selenium.remote.RemoteWebDriver.execute(RemoteWebDriver.java:552)
at org.openqa.selenium.remote.RemoteWebDriver.startSession(RemoteWebDriver.java:213)
at org.openqa.selenium.remote.RemoteWebDriver.<init>(RemoteWebDriver.java:131)
at org.openqa.selenium.chrome.ChromeDriver.<init>(ChromeDriver.java:181)
at org.openqa.selenium.chrome.ChromeDriver.<init>(ChromeDriver.java:168)
at org.openqa.selenium.chrome.ChromeDriver.<init>(ChromeDriver.java:123)
at Common.BaseClass.initilizeBrowser(BaseClass.java:26)
at AdministrationTC.Admin_Flow.browserload(Admin_Flow.java:17)
at sun.reflect.NativeMethodAccessorImpl.invoke0(Native Method)
at sun.reflect.NativeMethodAccessorImpl.invoke(Unknown Source)
at sun.reflect.DelegatingMethodAccessorImpl.invoke(Unknown Source)
at java.lang.reflect.Method.invoke(Unknown Source)
at org.testng.internal.MethodInvocationHelper.invokeMethod(MethodInvocationHelper.java:133)
at org.testng.internal.MethodInvocationHelper.invokeMethodConsideringTimeout(MethodInvocationHelper.java:62)
at org.testng.internal.ConfigInvoker.invokeConfigurationMethod(ConfigInvoker.java:340)
at org.testng.internal.ConfigInvoker.invokeConfigurations(ConfigInvoker.java:294)
at org.testng.TestRunner.invokeTestConfigurations(TestRunner.java:623)
at org.testng.TestRunner.beforeRun(TestRunner.java:613)
at org.testng.TestRunner.run(TestRunner.java:584)
at org.testng.SuiteRunner.runTest(SuiteRunner.java:402)
at org.testng.SuiteRunner.runSequentially(SuiteRunner.java:396)
at org.testng.SuiteRunner.privateRun(SuiteRunner.java:355)
at org.testng.SuiteRunner.run(SuiteRunner.java:304)
at org.testng.SuiteRunnerWorker.runSuite(SuiteRunnerWorker.java:53)
at org.testng.SuiteRunnerWorker.run(SuiteRunnerWorker.java:96)
at org.testng.TestNG.runSuitesSequentially(TestNG.java:1180)
at org.testng.TestNG.runSuitesLocally(TestNG.java:1102)
at org.testng.TestNG.runSuites(TestNG.java:1032)
at org.testng.TestNG.run(TestNG.java:1000)
at org.testng.remote.AbstractRemoteTestNG.run(AbstractRemoteTestNG.java:115)
at org.testng.remote.RemoteTestNG.initAndRun(RemoteTestNG.java:251)
at org.testng.remote.RemoteTestNG.main(RemoteTestNG.java:77)
]]>
    </failure>
  </testcase> <!-- @BeforeTest browserload -->
  <testcase name="@AfterTest closebrowser" time="-1.572358597016E9" classname="AdministrationTC.Admin_Flow">
    <skipped/>
  </testcase> <!-- @AfterTest closebrowser -->
  <testcase name="Login_Page_method" time="0.0" classname="AdministrationTC.Admin_Flow">
    <skipped/>
  </testcase> <!-- Login_Page_method -->
  <testcase name="dashboard_page_method" time="0.0" classname="AdministrationTC.Admin_Flow">
    <skipped/>
  </testcase> <!-- dashboard_page_method -->
  <testcase name="ProspectViewRecords_page_method" time="0.0" classname="AdministrationTC.Admin_Flow">
    <skipped/>
  </testcase> <!-- ProspectViewRecords_page_method -->
</testsuite> <!-- Default test -->
